<?xml version="1.0" encoding="UTF-8"?>
<robot generator="Robot 7.0 (Python 3.12.2 on win32)" generated="2024-02-14T21:26:31.943635" rpa="false" schemaversion="5">
<suite id="s1" name="Book Test" source="C:\Sanbercode\Sanbercode-robot-kelompok3\book_test.robot">
<test id="s1-t1" name="Book With Invalid Data" line="46">
<kw name="Click Book Button">
<kw name="Click Element" owner="AppiumLibrary">
<msg time="2024-02-14T21:26:32.195749" level="INFO">Clicking element '//android.widget.Button[@resource-id="com.example.myapplication:id/book"]'.</msg>
<kw name="Capture Page Screenshot" owner="AppiumLibrary">
<msg time="2024-02-14T21:26:32.196746" level="FAIL">No application is open</msg>
<doc>Takes a screenshot of the current page and embeds it into the log.</doc>
<status status="FAIL" start="2024-02-14T21:26:32.196746" elapsed="0.001995">No application is open</status>
</kw>
<msg time="2024-02-14T21:26:32.199738" level="WARN">Keyword 'Capture Page Screenshot' could not be run on failure: No application is open</msg>
<msg time="2024-02-14T21:26:32.200242" level="FAIL">No application is open</msg>
<arg>locator=//android.widget.Button[@resource-id="com.example.myapplication:id/book"]</arg>
<doc>Click element identified by `locator`.</doc>
<status status="FAIL" start="2024-02-14T21:26:32.194753" elapsed="0.006490">No application is open</status>
</kw>
<status status="FAIL" start="2024-02-14T21:26:32.194753" elapsed="0.006490">No application is open</status>
</kw>
<kw name="Get Index From List From City">
<status status="NOT RUN" start="2024-02-14T21:26:32.201243" elapsed="0.000000"/>
</kw>
<kw name="Get Index From List To City">
<status status="NOT RUN" start="2024-02-14T21:26:32.202243" elapsed="0.000000"/>
</kw>
<kw name="Get Index From List Class">
<status status="NOT RUN" start="2024-02-14T21:26:32.202243" elapsed="0.000000"/>
</kw>
<kw name="Input Start Date">
<status status="NOT RUN" start="2024-02-14T21:26:32.203240" elapsed="0.000000"/>
</kw>
<kw name="Input End Date">
<status status="NOT RUN" start="2024-02-14T21:26:32.203240" elapsed="0.000000"/>
</kw>
<kw name="Get Index Flight Radio Button">
<status status="NOT RUN" start="2024-02-14T21:26:32.204237" elapsed="0.000000"/>
</kw>
<kw name="Select Checkbox">
<status status="NOT RUN" start="2024-02-14T21:26:32.204237" elapsed="0.000000"/>
</kw>
<kw name="CLick Book Flight Button">
<status status="NOT RUN" start="2024-02-14T21:26:32.205235" elapsed="0.000000"/>
</kw>
<status status="FAIL" start="2024-02-14T21:26:32.193754" elapsed="0.011481">No application is open</status>
</test>
<status status="FAIL" start="2024-02-14T21:26:31.945632" elapsed="0.261598"/>
</suite>
<statistics>
<total>
<stat pass="0" fail="1" skip="0">All Tests</stat>
</total>
<tag>
</tag>
<suite>
<stat pass="0" fail="1" skip="0" id="s1" name="Book Test">Book Test</stat>
</suite>
</statistics>
<errors>
<msg time="2024-02-14T21:26:32.199738" level="WARN">Keyword 'Capture Page Screenshot' could not be run on failure: No application is open</msg>
</errors>
</robot>
