<?xml version="1.0" encoding="UTF-8"?>
<robot generator="Robot 7.0 (Python 3.12.2 on win32)" generated="2024-02-15T13:35:58.729982" rpa="false" schemaversion="5">
<suite id="s1" name="Book Test" source="C:\Sanbercode\Sanbercode-robot-kelompok3\book\pageObjects\BookPage\book_test.robot">
<test id="s1-t1" name="Book With Invalid Data" line="44">
<kw name="Click Book Button">
<kw name="Click Element" owner="AppiumLibrary">
<msg time="2024-02-15T13:35:58.980855" level="INFO">Clicking element '//android.widget.Button[@resource-id="com.example.myapplication:id/book"]'.</msg>
<kw name="Capture Page Screenshot" owner="AppiumLibrary">
<msg time="2024-02-15T13:35:58.981852" level="FAIL">No application is open</msg>
<doc>Takes a screenshot of the current page and embeds it into the log.</doc>
<status status="FAIL" start="2024-02-15T13:35:58.980855" elapsed="0.001995">No application is open</status>
</kw>
<msg time="2024-02-15T13:35:58.984356" level="WARN">Keyword 'Capture Page Screenshot' could not be run on failure: No application is open</msg>
<msg time="2024-02-15T13:35:58.985363" level="FAIL">No application is open</msg>
<arg>locator=//android.widget.Button[@resource-id="com.example.myapplication:id/book"]</arg>
<doc>Click element identified by `locator`.</doc>
<status status="FAIL" start="2024-02-15T13:35:58.979858" elapsed="0.005505">No application is open</status>
</kw>
<status status="FAIL" start="2024-02-15T13:35:58.979858" elapsed="0.005505">No application is open</status>
</kw>
<kw name="Get Index From List From City">
<status status="NOT RUN" start="2024-02-15T13:35:58.986870" elapsed="0.000000"/>
</kw>
<kw name="Get Index From List To City">
<status status="NOT RUN" start="2024-02-15T13:35:58.986870" elapsed="0.000000"/>
</kw>
<kw name="Get Index From List Class">
<status status="NOT RUN" start="2024-02-15T13:35:58.987879" elapsed="0.000000"/>
</kw>
<kw name="Get Index Flight Radio Button">
<status status="NOT RUN" start="2024-02-15T13:35:58.987879" elapsed="0.000000"/>
</kw>
<kw name="Select Checkbox">
<status status="NOT RUN" start="2024-02-15T13:35:58.987879" elapsed="0.000000"/>
</kw>
<kw name="CLick Book Flight Button">
<status status="NOT RUN" start="2024-02-15T13:35:58.988875" elapsed="0.000000"/>
</kw>
<kw name="Click Price Button">
<status status="NOT RUN" start="2024-02-15T13:35:58.988875" elapsed="0.000000"/>
</kw>
<kw name="CLick Confirm Button">
<status status="NOT RUN" start="2024-02-15T13:35:58.988875" elapsed="0.000000"/>
</kw>
<status status="FAIL" start="2024-02-15T13:35:58.978862" elapsed="0.011010">No application is open</status>
</test>
<status status="FAIL" start="2024-02-15T13:35:58.730980" elapsed="0.260889"/>
</suite>
<statistics>
<total>
<stat pass="0" fail="1" skip="0">All Tests</stat>
</total>
<tag>
</tag>
<suite>
<stat pass="0" fail="1" skip="0" id="s1" name="Book Test">Book Test</stat>
</suite>
</statistics>
<errors>
<msg time="2024-02-15T13:35:58.984356" level="WARN">Keyword 'Capture Page Screenshot' could not be run on failure: No application is open</msg>
</errors>
</robot>
